30-05-2025 11:49:45 INFO: XXXXXXXXXXXXXXXXXXXXXXX  Execution Started  XXXXXXXXXXXXXXXXXXXXXX


30-05-2025 11:49:45 INFO: XXXXXXXXXXXXXXXXXXXX  Executing: TC05: Close Error Message Icon XXXXXXXXXXXXXXXXXXXXX


30-05-2025 11:49:45 INFO: Close_Error_Message_Icon : {browser=chrome, password=wrong_pass, username=standard_user}


30-05-2025 11:49:50 INFO: SAUCEDEMO_WAITTIME : Retrieved value: 30


30-05-2025 11:49:50 INFO: Wait Time: 30


30-05-2025 11:49:50 INFO: chrome Launched successfully


30-05-2025 11:49:50 INFO: SAUCEDEMO_URL : Retrieved value: https://www.saucedemo.com/


30-05-2025 11:49:52 INFO: SAUCEDEMO Launched successfully


30-05-2025 11:49:52 INFO: By.id: user-name : waiting to be clickable


30-05-2025 11:49:52 INFO: By.id: user-name : is clickable


30-05-2025 11:49:52 INFO: By.id: user-name : typed successfully - standard_user


30-05-2025 11:49:52 INFO: By.id: password : waiting to be clickable


30-05-2025 11:49:52 INFO: By.id: password : is clickable


30-05-2025 11:49:52 INFO: By.id: password : typed successfully - wrong_pass


30-05-2025 11:49:52 INFO: By.id: login-button : waiting to be clickable


30-05-2025 11:49:52 INFO: By.id: login-button : is clickable


30-05-2025 11:49:52 INFO: By.id: login-button : Clicked successfully


30-05-2025 11:49:52 INFO: By.className: error-button : waiting to be clickable


30-05-2025 11:49:53 INFO: By.className: error-button : is clickable


30-05-2025 11:49:53 INFO: By.className: error-button : Clicked successfully


30-05-2025 11:49:53 INFO: By.className: error-button : waiting to be invisible


30-05-2025 11:49:53 INFO: By.className: error-button : is invisible


30-05-2025 11:49:53 INFO: Error Message Invisibled : [true] is equals to [True]


30-05-2025 11:49:53 INFO: XXXXXXXXXXXXXXXXXX    Executed: TC05: Close Error Message Icon  XXXXXXXXXXXXXXXXXXXXX


30-05-2025 11:49:54 INFO: XXXXXXXXXXXXXXXXXXXX  Executing: TC08: Verify All Products are Displayed XXXXXXXXXXXXXXXXXXXXX


30-05-2025 11:49:54 INFO: Verify_All_Products_are_Displayed : {browser=edge, password=secret_sauce, username=standard_user}


30-05-2025 11:49:58 INFO: SAUCEDEMO_WAITTIME : Retrieved value: 30


30-05-2025 11:49:58 INFO: Wait Time: 30


30-05-2025 11:49:58 INFO: edge Launched successfully


30-05-2025 11:49:58 INFO: SAUCEDEMO_URL : Retrieved value: https://www.saucedemo.com/


30-05-2025 11:50:02 INFO: SAUCEDEMO Launched successfully


30-05-2025 11:50:02 INFO: By.id: user-name : waiting to be clickable


30-05-2025 11:50:02 INFO: By.id: user-name : is clickable


30-05-2025 11:50:03 INFO: By.id: user-name : typed successfully - standard_user


30-05-2025 11:50:03 INFO: By.id: password : waiting to be clickable


30-05-2025 11:50:03 INFO: By.id: password : is clickable


30-05-2025 11:50:03 INFO: By.id: password : typed successfully - secret_sauce


30-05-2025 11:50:03 INFO: By.id: login-button : waiting to be clickable


30-05-2025 11:50:03 INFO: By.id: login-button : is clickable


30-05-2025 11:50:03 INFO: By.id: login-button : Clicked successfully


30-05-2025 11:50:03 INFO: Waiting for page to load


30-05-2025 11:50:03 INFO: Page loaded successfully


30-05-2025 11:50:03 INFO: By.xpath: //*[@class='login_logo' or @class='title'] : waiting to be visible


30-05-2025 11:50:03 INFO: By.xpath: //*[@class='login_logo' or @class='title'] : is visible


30-05-2025 11:50:03 INFO: Products : text retrived: Products


30-05-2025 11:50:03 INFO: Page Title : [Products] is equal to [Products]


30-05-2025 11:50:03 INFO: By.className: inventory_item : Finding


30-05-2025 11:50:03 INFO: By.className: inventory_item : Found successfully


30-05-2025 11:50:03 INFO: No. of Inventories: 6


30-05-2025 11:50:03 INFO: waiting for element to be visible


30-05-2025 11:50:03 INFO: element is visible


30-05-2025 11:50:03 INFO: Sauce Labs Backpack : text retrived: Sauce Labs Backpack


30-05-2025 11:50:03 INFO: waiting for element to be visible


30-05-2025 11:50:03 INFO: element is visible


30-05-2025 11:50:03 INFO: $29.99 : text retrived: $29.99


30-05-2025 11:50:03 INFO: waiting for element to be visible


30-05-2025 11:50:03 INFO: element is visible


30-05-2025 11:50:03 INFO: waiting for element to be clickable


30-05-2025 11:50:03 INFO: element is clickable


30-05-2025 11:50:03 INFO: waiting for element to be visible


30-05-2025 11:50:03 INFO: element is visible


30-05-2025 11:50:03 INFO: Sauce Labs Bike Light : text retrived: Sauce Labs Bike Light


30-05-2025 11:50:03 INFO: waiting for element to be visible


30-05-2025 11:50:03 INFO: element is visible


30-05-2025 11:50:03 INFO: $9.99 : text retrived: $9.99


30-05-2025 11:50:03 INFO: waiting for element to be visible


30-05-2025 11:50:03 INFO: element is visible


30-05-2025 11:50:03 INFO: waiting for element to be clickable


30-05-2025 11:50:03 INFO: element is clickable


30-05-2025 11:50:03 INFO: waiting for element to be visible


30-05-2025 11:50:03 INFO: element is visible


30-05-2025 11:50:03 INFO: Sauce Labs Bolt T-Shirt : text retrived: Sauce Labs Bolt T-Shirt


30-05-2025 11:50:03 INFO: waiting for element to be visible


30-05-2025 11:50:03 INFO: element is visible


30-05-2025 11:50:03 INFO: $15.99 : text retrived: $15.99


30-05-2025 11:50:03 INFO: waiting for element to be visible


30-05-2025 11:50:03 INFO: element is visible


30-05-2025 11:50:03 INFO: waiting for element to be clickable


30-05-2025 11:50:03 INFO: element is clickable


30-05-2025 11:50:03 INFO: waiting for element to be visible


30-05-2025 11:50:03 INFO: element is visible


30-05-2025 11:50:03 INFO: Sauce Labs Fleece Jacket : text retrived: Sauce Labs Fleece Jacket


30-05-2025 11:50:03 INFO: waiting for element to be visible


30-05-2025 11:50:03 INFO: element is visible


30-05-2025 11:50:03 INFO: $49.99 : text retrived: $49.99


30-05-2025 11:50:03 INFO: waiting for element to be visible


30-05-2025 11:50:03 INFO: element is visible


30-05-2025 11:50:03 INFO: waiting for element to be clickable


30-05-2025 11:50:03 INFO: element is clickable


30-05-2025 11:50:03 INFO: waiting for element to be visible


30-05-2025 11:50:03 INFO: element is visible


30-05-2025 11:50:03 INFO: Sauce Labs Onesie : text retrived: Sauce Labs Onesie


30-05-2025 11:50:03 INFO: waiting for element to be visible


30-05-2025 11:50:03 INFO: element is visible


30-05-2025 11:50:03 INFO: $7.99 : text retrived: $7.99


30-05-2025 11:50:03 INFO: waiting for element to be visible


30-05-2025 11:50:03 INFO: element is visible


30-05-2025 11:50:03 INFO: waiting for element to be clickable


30-05-2025 11:50:03 INFO: element is clickable


30-05-2025 11:50:03 INFO: waiting for element to be visible


30-05-2025 11:50:03 INFO: element is visible


30-05-2025 11:50:03 INFO: Test.allTheThings() T-Shirt (Red) : text retrived: Test.allTheThings() T-Shirt (Red)


30-05-2025 11:50:03 ERROR: Doesn't have inventory name


30-05-2025 11:50:04 ERROR: Inventory Details Visible : [false] is not equals to [True]


